<?xml version="1.0" encoding="UTF-8"?>
<!-- Generated by org.testng.reporters.JUnitReportReporter -->
<testsuite hostname="DESKTOP-DHSQEQD" failures="0" tests="1" name="rahulshettyacademy.ExtentReportDemo.ExtentDemo" time="52.438" errors="0" timestamp="2022-05-13T13:05:42 IST" skipped="0">
  <testcase classname="rahulshettyacademy.ExtentReportDemo.ExtentDemo" name="initialdemo" time="52.438"/>
  <system-out/>
</testsuite> <!-- rahulshettyacademy.ExtentReportDemo.ExtentDemo -->
